<?xml version="1.0" encoding="UTF-8"?>
<!-- Generated by org.testng.reporters.JUnitReportReporter -->
<testsuite skipped="0" hostname="IEVL217" name="ttttt" tests="1" failures="0" timestamp="2019-09-18T18:13:07 EEST" time="18.827" errors="0">
  <testcase name="yyy" time="18.827" classname="ttttt"/>
</testsuite> <!-- ttttt -->
